<?xml version="1.0" encoding="UTF-8"?>
<!-- Generated by org.testng.reporters.JUnitReportReporter -->
<testsuite hostname="carthikeyan" failures="0" tests="4" name="test.logintest" time="103.474" errors="0" timestamp="2022-08-14T20:07:05 IST" skipped="0">
  <testcase classname="test.logintest" name="login" time="4.078"/>
  <system-out/>
  <testcase classname="test.logintest" name="login" time="6.076"/>
  <system-out/>
  <testcase classname="test.logintest" name="login" time="4.073"/>
  <system-out/>
  <testcase classname="test.logintest" name="login" time="89.247"/>
  <system-out/>
</testsuite> <!-- test.logintest -->
