<?xml version="1.0" encoding="UTF-8"?>
<!-- Generated by org.testng.reporters.JUnitReportReporter -->
<testsuite hostname="carthikeyan" failures="0" tests="4" name="test.logintest" time="24.572" errors="0" timestamp="16 Aug 2022 13:52:43 GMT" skipped="0">
  <testcase classname="test.logintest" name="login" time="3.609"/>
  <testcase classname="test.logintest" name="login" time="14.574"/>
  <testcase classname="test.logintest" name="login" time="3.512"/>
  <testcase classname="test.logintest" name="login" time="2.877"/>
</testsuite> <!-- test.logintest -->
