<?xml version="1.0" encoding="UTF-8"?>
<!-- Generated by org.testng.reporters.JUnitReportReporter -->
<testsuite hostname="carthikeyan" failures="0" tests="4" name="test.logintest" time="22.965" errors="0" timestamp="15 Aug 2022 00:14:32 GMT" skipped="0">
  <testcase classname="test.logintest" name="login" time="3.821"/>
  <testcase classname="test.logintest" name="login" time="3.160"/>
  <testcase classname="test.logintest" name="login" time="4.285"/>
  <testcase classname="test.logintest" name="login" time="11.699"/>
</testsuite> <!-- test.logintest -->
