<?xml version="1.0" encoding="UTF-8"?>
<!-- Generated by org.testng.reporters.JUnitReportReporter -->
<testsuite hostname="carthikeyan" failures="0" tests="4" name="test.logintest" time="47.954" errors="0" timestamp="14 Aug 2022 14:43:55 GMT" skipped="0">
  <testcase classname="test.logintest" name="login" time="4.039"/>
  <testcase classname="test.logintest" name="login" time="32.159"/>
  <testcase classname="test.logintest" name="login" time="7.704"/>
  <testcase classname="test.logintest" name="login" time="4.052"/>
</testsuite> <!-- test.logintest -->
