<?xml version="1.0" encoding="UTF-8"?>
<!-- Generated by org.testng.reporters.JUnitReportReporter -->
<testsuite hostname="carthikeyan" failures="0" tests="1" name="test.HomeTest" time="11.102" errors="0" timestamp="15 Aug 2022 00:14:32 GMT" skipped="0">
  <testcase classname="test.HomeTest" name="titleVerify" time="11.102"/>
</testsuite> <!-- test.HomeTest -->
