<?xml version="1.0" encoding="UTF-8"?>
<!-- Generated by org.testng.reporters.JUnitReportReporter -->
<testsuite hostname="carthikeyan" failures="0" tests="1" name="test.HomeTest" time="18.975" errors="0" timestamp="14 Aug 2022 14:43:55 GMT" skipped="0">
  <testcase classname="test.HomeTest" name="titleVerify" time="18.975"/>
</testsuite> <!-- test.HomeTest -->
