<?xml version="1.0" encoding="UTF-8"?>
<!-- Generated by org.testng.reporters.JUnitReportReporter -->
<testsuite hostname="carthikeyan" failures="0" tests="1" name="test.HomeTest" time="10.371" errors="0" timestamp="16 Aug 2022 13:52:43 GMT" skipped="0">
  <testcase classname="test.HomeTest" name="titleVerify" time="10.371"/>
</testsuite> <!-- test.HomeTest -->
